2024-09-22 02:14:22,559 - INFO - Displaying main menu
2024-09-22 02:14:40,400 - INFO - Admin Gary Ong logged in successfully
2024-09-22 02:14:40,401 - INFO - Admin Gary Ong accessing the main menu
2024-09-22 02:14:43,894 - INFO - Admin Gary Ong requested event details
2024-09-22 02:14:43,909 - INFO - Admin Gary Ong accessing the main menu
2024-09-22 02:14:49,524 - INFO - Admin Gary Ong is viewing sales report for event ID: 1
2024-09-22 02:14:54,137 - INFO - Generating Excel report for event ID: 1
2024-09-22 02:14:54,654 - INFO - Excel report generated successfully
2024-09-22 02:16:09,686 - INFO - Displaying main menu
2024-09-22 02:16:21,303 - WARNING - Failed login attempt
2024-09-22 02:16:21,303 - INFO - Displaying main menu
2024-09-26 23:22:44,690 - INFO - Displaying main menu
2024-09-26 23:23:00,291 - INFO - Admin Gary Ong logged in successfully
2024-09-26 23:23:00,291 - INFO - Admin Gary Ong accessing the main menu
2024-09-26 23:23:02,241 - INFO - Admin Gary Ong requested event details
2024-09-26 23:23:02,256 - INFO - Admin Gary Ong accessing the main menu
2024-09-26 23:23:08,276 - INFO - Admin Gary Ong is viewing sales report for event ID: 1
2024-09-26 23:23:22,134 - INFO - Admin Gary Ong accessing the main menu
2024-09-26 23:23:26,216 - INFO - Admin Gary Ong is viewing sales report for event ID: 2
2024-09-26 23:23:26,256 - WARNING - Sales report not found for event ID: 2
2024-09-26 23:23:26,256 - INFO - Admin Gary Ong accessing the main menu
2024-09-26 23:23:32,168 - INFO - Admin Gary Ong is viewing sales report for event ID: 1
2024-09-26 23:26:14,620 - INFO - Admin Gary Ong accessing the main menu
2024-09-26 23:26:16,833 - INFO - Admin Gary Ong logged out
2024-09-26 23:26:16,833 - INFO - Displaying main menu
2024-09-26 23:26:18,616 - INFO - User exited the application
2024-09-26 23:27:47,910 - INFO - Displaying main menu
2024-09-26 23:27:57,739 - INFO - Admin Gary Ong logged in successfully
2024-09-26 23:27:57,739 - INFO - Admin Gary Ong accessing the main menu
2024-09-26 23:27:59,607 - INFO - Admin Gary Ong requested event details
2024-09-26 23:27:59,847 - INFO - Admin Gary Ong accessing the main menu
2024-09-26 23:28:03,735 - INFO - Admin Gary Ong is viewing sales report for event ID: 1
2024-09-26 23:28:07,171 - INFO - Generating Excel report for event ID: 1
2024-09-26 23:28:07,571 - INFO - Excel report generated successfully
